<?xml version="1.0" encoding="UTF-8"?>
<!-- Generated by org.testng.reporters.JUnitReportReporter -->
<testsuite skipped="0" hostname="EPBYMINW5904" name="test.testng.NegativeLongTest" tests="3" failures="0" timestamp="18 Dec 2017 09:41:27 GMT" time="0.000" errors="0">
  <testcase name="NegativeValueCheck" time="0.000" classname="test.testng.NegativeLongTest"/>
  <testcase name="NegativeValueCheck" time="0.000" classname="test.testng.NegativeLongTest"/>
  <testcase name="NegativeValueCheck" time="0.000" classname="test.testng.NegativeLongTest"/>
</testsuite> <!-- test.testng.NegativeLongTest -->
