<?xml version="1.0" encoding="UTF-8"?>
<!-- Generated by org.testng.reporters.JUnitReportReporter -->
<testsuite skipped="0" hostname="EPBYMINW5904" name="test.testng.SubDoubleTest" tests="5" failures="0" timestamp="18 Dec 2017 09:41:27 GMT" time="0.000" errors="0">
  <testcase name="oneValueMinusAnother" time="0.000" classname="test.testng.SubDoubleTest"/>
  <testcase name="oneValueMinusAnother" time="0.000" classname="test.testng.SubDoubleTest"/>
  <testcase name="oneValueMinusAnother" time="0.000" classname="test.testng.SubDoubleTest"/>
  <testcase name="oneValueMinusAnother" time="0.000" classname="test.testng.SubDoubleTest"/>
  <testcase name="oneValueMinusAnother" time="0.000" classname="test.testng.SubDoubleTest"/>
</testsuite> <!-- test.testng.SubDoubleTest -->
