<?xml version="1.0" encoding="UTF-8"?>
<!-- Generated by org.testng.reporters.JUnitReportReporter -->
<testsuite skipped="0" hostname="EPBYMINW5904" name="test.testng.SinDoubleTest" tests="3" failures="0" timestamp="18 Dec 2017 09:41:27 GMT" time="0.020" errors="0">
  <testcase name="sinFromValue" time="0.001" classname="test.testng.SinDoubleTest"/>
  <testcase name="sinFromValue" time="0.003" classname="test.testng.SinDoubleTest"/>
  <testcase name="sinFromValue" time="0.016" classname="test.testng.SinDoubleTest"/>
</testsuite> <!-- test.testng.SinDoubleTest -->
