<?xml version="1.0" encoding="UTF-8"?>
<!-- Generated by org.testng.reporters.JUnitReportReporter -->
<testsuite skipped="0" hostname="EPBYMINW5904" name="test.testng.SumLongTest" tests="4" failures="0" timestamp="18 Dec 2017 09:41:27 GMT" time="0.000" errors="0">
  <testcase name="oneValuePlusAnother" time="0.000" classname="test.testng.SumLongTest"/>
  <testcase name="oneValuePlusAnother" time="0.000" classname="test.testng.SumLongTest"/>
  <testcase name="oneValuePlusAnother" time="0.000" classname="test.testng.SumLongTest"/>
  <testcase name="oneValuePlusAnother" time="0.000" classname="test.testng.SumLongTest"/>
</testsuite> <!-- test.testng.SumLongTest -->
